<?xml version="1.0" encoding="UTF-8"?>
<testsuite xmlns:xsi="http://www.w3.org/2001/XMLSchema-instance" xsi:schemaLocation="https://maven.apache.org/surefire/maven-surefire-plugin/xsd/surefire-test-report.xsd" name="com.kpi.lab1.RunListenerTest" time="0.54" tests="3" errors="0" skipped="0" failures="0">
  <properties>
[...]
</properties>
  <testcase name="testJSONToObject" classname="com.kpi.lab1.RunListenerTest" time="0.532"/>
  <testcase name="testMinimalSidePos" classname="com.kpi.lab1.RunListenerTest" time="0.002"/>
  <testcase name="testSideFromAreaPos" classname="com.kpi.lab1.RunListenerTest" time="0.001"/>
</testsuite>